[2023-09-23 09:51:47,859]   INFO [ssing plugins 3] -      jetbrains.buildServer.VCS - Server-wide hg path is not set, will use path from the VCS root settings
[2023-09-23 09:51:53,233]   INFO [ssing plugins 2] - ache.fs.impl.MirrorManagerImpl - No mapping file found at /data/teamcity_server/datadir/system/caches/svn/map, create a new one
[2023-09-23 09:51:53,235]   INFO [ssing plugins 2] - ache.fs.impl.MirrorManagerImpl - Restore mapping from existing repositories
[2023-09-23 09:51:53,236]   INFO [ssing plugins 2] - ache.fs.impl.MirrorManagerImpl - No existing repositories found
[2023-09-23 09:51:54,526]   INFO [ssing plugins 2] -   jetbrains.buildServer.VCS.P4 - PerforceCommitHookController has been initialized
[2023-09-23 09:51:54,901]   INFO [ssing plugins 2] - gers.vcs.git.MirrorManagerImpl - No mapping file found at /data/teamcity_server/datadir/system/caches/git/map, create a new one
[2023-09-23 09:51:54,902]   INFO [ssing plugins 2] - gers.vcs.git.MirrorManagerImpl - Restore mapping from existing repositories
[2023-09-23 09:51:54,903]   INFO [ssing plugins 2] - gers.vcs.git.MirrorManagerImpl - No existing repositories found
[2023-09-23 09:53:53,208]   WARN [nio-8111-exec-1] -      jetbrains.buildServer.VCS - Failed to request details for the GitHub repository: https://github.com/D0rianGrey/TeamCityExperiment: org.eclipse.egit.github.core.client.RequestException: Not Found (404) (enable debug to see stacktrace)
[2023-09-23 09:53:53,960]   WARN [nio-8111-exec-1] -      jetbrains.buildServer.VCS - Failed to run operation within 1 attempt: jetbrains.buildServer.vcs.VcsException: git -c credential.helper= ls-remote origin command failed.
exit code: 128
stderr: fatal: could not read Username for 'https://github.com': No such device or address (enable debug to see stacktrace)
[2023-09-23 09:53:55,353]   WARN [nio-8111-exec-1] -      jetbrains.buildServer.VCS - 'hg --config ui.interactive=False identify https://github.com/D0rianGrey/TeamCityExperiment.git' command failed.abort: HTTP Error 404: Not Found

[2023-09-23 09:53:55,353]   INFO [nio-8111-exec-1] -      jetbrains.buildServer.VCS - Failed to recognize https://github.com/D0rianGrey/TeamCityExperiment.git as a Mercurial VCS root: jetbrains.buildServer.vcs.VcsException: 'hg --config ui.interactive=False identify https://github.com/D0rianGrey/TeamCityExperiment.git' command failed.
stderr: abort: HTTP Error 404: Not Found
 (enable debug to see stacktrace)
[2023-09-23 09:55:44,071]   WARN [nio-8111-exec-5] -      jetbrains.buildServer.VCS - 'hg --config ui.interactive=False identify https://D0rianGrey:******@github.com/D0rianGrey/TeamCityExperiment' command failed.abort: HTTP Error 404: Not Found

[2023-09-23 09:55:44,073]   INFO [nio-8111-exec-5] -      jetbrains.buildServer.VCS - Failed to recognize https://github.com/D0rianGrey/TeamCityExperiment as a Mercurial VCS root: jetbrains.buildServer.vcs.VcsException: 'hg --config ui.interactive=False identify https://D0rianGrey:******@github.com/D0rianGrey/TeamCityExperiment' command failed.
stderr: abort: HTTP Error 404: Not Found
 (enable debug to see stacktrace)
[2023-09-23 09:55:56,906]   INFO [anges monitor 1] -      jetbrains.buildServer.VCS - Found 1 VCS root instances where periodical checking for changes is required
[2023-09-23 09:57:07,055]   INFO [anges monitor 1] -      jetbrains.buildServer.VCS - Found 1 VCS root instances where periodical checking for changes is required
[2023-09-23 09:58:17,260]   INFO [anges monitor 1] -      jetbrains.buildServer.VCS - Found 1 VCS root instances where periodical checking for changes is required
[2023-09-23 09:59:07,128]   INFO [asks executor 1] -      jetbrains.buildServer.VCS - Accepted the checking for changes task for build promotion: Build promotion {id=1 (started), configuration={id=TeamCityExperiment_Build/bt1}}
[2023-09-23 09:59:08,176]   INFO [eric executor 2] -      jetbrains.buildServer.VCS - Collecting changes for VCS root "https://github.com/D0rianGrey/TeamCityExperiment#refs/heads/master" {instance id=1, parent internal id=1, parent id=TeamCityExperiment_HttpsGithubComD0rianGreyTeamCityExperimentRefsHeadsMaster, description: "https://github.com/D0rianGrey/TeamCityExperiment#refs/heads/master"} from state RepositoryState{defaultBranch='refs/heads/master', revisions={refs/heads/master: 54db57fe264b86eea90eb94b2024419a2dedbe37}} to state RepositoryState{defaultBranch='refs/heads/master', revisions={refs/heads/master: 4b4916d7e94d14a2a4516d04613a342719bf7dc4}}, requested by: Starting build or build chain
[2023-09-23 09:59:11,343]   INFO [eric executor 2] -      jetbrains.buildServer.VCS - Finish collecting changes successfully for VCS root "https://github.com/D0rianGrey/TeamCityExperiment#refs/heads/master" {instance id=1, parent internal id=1, parent id=TeamCityExperiment_HttpsGithubComD0rianGreyTeamCityExperimentRefsHeadsMaster, description: "https://github.com/D0rianGrey/TeamCityExperiment#refs/heads/master"} from state RepositoryState{defaultBranch='refs/heads/master', revisions={refs/heads/master: 54db57fe264b86eea90eb94b2024419a2dedbe37}} to state RepositoryState{defaultBranch='refs/heads/master', revisions={refs/heads/master: 4b4916d7e94d14a2a4516d04613a342719bf7dc4}}; 1 changes collected 1 changes persisted, total time: 3s,167ms, persisting time: 33ms, requested by: Starting build or build chain
[2023-09-23 10:00:17,645]   INFO [anges monitor 1] -      jetbrains.buildServer.VCS - Found 1 VCS root instances where periodical checking for changes is required
[2023-09-23 10:01:27,865]   INFO [anges monitor 1] -      jetbrains.buildServer.VCS - Found 1 VCS root instances where periodical checking for changes is required
[2023-09-23 10:02:38,051]   INFO [anges monitor 1] -      jetbrains.buildServer.VCS - Found 1 VCS root instances where periodical checking for changes is required
[2023-09-23 10:03:48,272]   INFO [anges monitor 1] -      jetbrains.buildServer.VCS - Found 1 VCS root instances where periodical checking for changes is required
[2023-09-23 10:04:58,477]   INFO [anges monitor 1] -      jetbrains.buildServer.VCS - Found 1 VCS root instances where periodical checking for changes is required
