[2023-09-23 09:39:01,796]   INFO -  jetbrains.buildServer.STARTUP - Path to the startup configuration file: /opt/teamcity/bin/../conf/teamcity-startup.properties
[2023-09-23 09:39:01,884]   INFO -   jetbrains.buildServer.SERVER - Using logs directory "/opt/teamcity/logs"
[2023-09-23 09:39:01,923]   INFO -  jetbrains.buildServer.STARTUP - 






[2023-09-23 09:39:01,934]   INFO -  jetbrains.buildServer.STARTUP - ===========================================================
[2023-09-23 09:39:01,934]   INFO -  jetbrains.buildServer.STARTUP - Starting TeamCity server
[2023-09-23 09:39:01,993]   INFO -  jetbrains.buildServer.STARTUP - TeamCity version: 2023.05.3 (build 129390), data format version 994
[2023-09-23 09:39:01,995]   INFO -  jetbrains.buildServer.STARTUP - OS: Linux, version 5.15.49-linuxkit-pr, aarch64, Current user: tcuser, Time zone: GMT (UTC)
[2023-09-23 09:39:01,995]   INFO -  jetbrains.buildServer.STARTUP - Java: 17.0.7, OpenJDK 64-Bit Server VM (17.0.7+7-LTS, mixed mode, sharing), OpenJDK Runtime Environment (17.0.7+7-LTS), Amazon.com Inc.; JVM parameters: --add-opens=jdk.management/com.sun.management.internal=ALL-UNNAMED -XX:+IgnoreUnrecognizedVMOptions --add-opens=java.base/java.lang=ALL-UNNAMED --add-opens=java.base/java.io=ALL-UNNAMED --add-opens=java.base/java.util=ALL-UNNAMED --add-opens=java.base/java.util.concurrent=ALL-UNNAMED --add-opens=java.rmi/sun.rmi.transport=ALL-UNNAMED -Djava.util.logging.config.file=/opt/teamcity/conf/logging.properties -Djava.util.logging.manager=org.apache.juli.ClassLoaderLogManager -Djdk.tls.ephemeralDHKeySize=2048 -Djava.protocol.handler.pkgs=org.apache.catalina.webresources -Dorg.apache.catalina.security.SecurityListener.UMASK=0027 -Xmx2g -XX:ReservedCodeCacheSize=640m -Dteamcity.configuration.path=../conf/teamcity-startup.properties -Dlog4j2.configurationFile=file:/opt/teamcity/bin/../conf/teamcity-server-log4j.xml -Dteamcity_logs=/opt/teamcity/bin/../logs -Djava.awt.headless=true -Dignore.endorsed.dirs= -Dcatalina.base=/opt/teamcity -Dcatalina.home=/opt/teamcity -Djava.io.tmpdir=/opt/teamcity/temp
[2023-09-23 09:39:01,996]   INFO -  jetbrains.buildServer.STARTUP - Garbage collection: G1 Young Generation, G1 Old Generation
[2023-09-23 09:39:01,997]   INFO -  jetbrains.buildServer.STARTUP - Web server version: Apache Tomcat/9.0.75
[2023-09-23 09:39:01,998]   INFO -  jetbrains.buildServer.STARTUP - Server IP addresses: 172.20.0.3
[2023-09-23 09:39:01,999]   INFO -  jetbrains.buildServer.STARTUP - Web server ports: 8111 (protocol: HTTP/1.1, scheme: http), 8105 (shutdown port)
[2023-09-23 09:39:01,999]   INFO -  jetbrains.buildServer.STARTUP - Context path: "/", servlet real path: "/opt/teamcity/webapps/ROOT"
[2023-09-23 09:39:02,002]   INFO -  jetbrains.buildServer.STARTUP - TeamCity distribution type: docker-ubuntu
[2023-09-23 09:39:02,012]   INFO -  jetbrains.buildServer.STARTUP - TeamCity server node id: MAIN_SERVER
[2023-09-23 09:39:02,014]   INFO -  jetbrains.buildServer.STARTUP - Version file lock was successfully obtained: /opt/teamcity/webapps/ROOT/BUILD_129390
[2023-09-23 09:39:02,027]   INFO -  jetbrains.buildServer.STARTUP - Current stage: Looking for the TeamCity Data Directory
[2023-09-23 09:39:02,027]   INFO -  jetbrains.buildServer.STARTUP - The TeamCity Data Directory path is determined using the environment variable TEAMCITY_DATA_PATH
[2023-09-23 09:39:02,030]   INFO -  jetbrains.buildServer.STARTUP - The TeamCity Data Directory "/data/teamcity_server/datadir" exists
[2023-09-23 09:39:02,030]   INFO -  jetbrains.buildServer.STARTUP - Asking user to confirm first start with the predefined TeamCity Data Directory path
[2023-09-23 09:39:02,037]   INFO -  jetbrains.buildServer.STARTUP - Startup confirmation is required. Open TeamCity web page in the browser. Server is running at http://localhost:8111
[2023-09-23 09:39:02,037]   INFO -  jetbrains.buildServer.STARTUP - Current stage: Confirming TeamCity first start (administrator login is required to proceed)
[2023-09-23 09:44:59,680]   INFO -  jetbrains.buildServer.STARTUP - Current stage: TeamCity server is shutting down
[2023-09-23 09:44:59,680]   INFO -  jetbrains.buildServer.STARTUP - Server shutdown event received
[2023-09-23 09:44:59,683]   INFO -  jetbrains.buildServer.STARTUP - Stopping the main application
[2023-09-23 09:44:59,684]   INFO -  jetbrains.buildServer.STARTUP - The main servlet is not initialized, nothing to shut down.
[2023-09-23 09:44:59,685]   INFO -  jetbrains.buildServer.STARTUP - Version file lock was released: /opt/teamcity/webapps/ROOT/BUILD_129390
[2023-09-23 09:44:59,690]   INFO -  jetbrains.buildServer.STARTUP - Server shutdown complete. Uptime was 5m:57s
[2023-09-23 09:50:24,322]   INFO -  jetbrains.buildServer.STARTUP - Path to the startup configuration file: /opt/teamcity/bin/../conf/teamcity-startup.properties
[2023-09-23 09:50:24,442]   INFO -   jetbrains.buildServer.SERVER - Using logs directory "/opt/teamcity/logs"
[2023-09-23 09:50:24,506]   INFO -  jetbrains.buildServer.STARTUP - 






[2023-09-23 09:50:24,527]   INFO -  jetbrains.buildServer.STARTUP - ===========================================================
[2023-09-23 09:50:24,527]   INFO -  jetbrains.buildServer.STARTUP - Starting TeamCity server
[2023-09-23 09:50:24,616]   INFO -  jetbrains.buildServer.STARTUP - TeamCity version: 2023.05.4 (build 129421), data format version 994
[2023-09-23 09:50:24,622]   INFO -  jetbrains.buildServer.STARTUP - OS: Linux, version 5.15.49-linuxkit-pr, aarch64, Current user: tcuser, Time zone: GMT (UTC)
[2023-09-23 09:50:24,622]   INFO -  jetbrains.buildServer.STARTUP - Java: 17.0.7, OpenJDK 64-Bit Server VM (17.0.7+7-LTS, mixed mode, sharing), OpenJDK Runtime Environment (17.0.7+7-LTS), Amazon.com Inc.; JVM parameters: --add-opens=jdk.management/com.sun.management.internal=ALL-UNNAMED -XX:+IgnoreUnrecognizedVMOptions --add-opens=java.base/java.lang=ALL-UNNAMED --add-opens=java.base/java.io=ALL-UNNAMED --add-opens=java.base/java.util=ALL-UNNAMED --add-opens=java.base/java.util.concurrent=ALL-UNNAMED --add-opens=java.rmi/sun.rmi.transport=ALL-UNNAMED -Djava.util.logging.config.file=/opt/teamcity/conf/logging.properties -Djava.util.logging.manager=org.apache.juli.ClassLoaderLogManager -Djdk.tls.ephemeralDHKeySize=2048 -Djava.protocol.handler.pkgs=org.apache.catalina.webresources -Dorg.apache.catalina.security.SecurityListener.UMASK=0027 -Xmx2g -XX:ReservedCodeCacheSize=640m -Dteamcity.configuration.path=../conf/teamcity-startup.properties -Dlog4j2.configurationFile=file:/opt/teamcity/bin/../conf/teamcity-server-log4j.xml -Dteamcity_logs=/opt/teamcity/bin/../logs -Djava.awt.headless=true -Dignore.endorsed.dirs= -Dcatalina.base=/opt/teamcity -Dcatalina.home=/opt/teamcity -Djava.io.tmpdir=/opt/teamcity/temp
[2023-09-23 09:50:24,624]   INFO -  jetbrains.buildServer.STARTUP - Garbage collection: G1 Young Generation, G1 Old Generation
[2023-09-23 09:50:24,624]   INFO -  jetbrains.buildServer.STARTUP - Web server version: Apache Tomcat/9.0.75
[2023-09-23 09:50:24,626]   INFO -  jetbrains.buildServer.STARTUP - Server IP addresses: 172.21.0.4
[2023-09-23 09:50:24,635]   INFO -  jetbrains.buildServer.STARTUP - Web server ports: 8111 (protocol: HTTP/1.1, scheme: http), 8105 (shutdown port)
[2023-09-23 09:50:24,635]   INFO -  jetbrains.buildServer.STARTUP - Context path: "/", servlet real path: "/opt/teamcity/webapps/ROOT"
[2023-09-23 09:50:24,676]   INFO -  jetbrains.buildServer.STARTUP - TeamCity distribution type: docker-ubuntu
[2023-09-23 09:50:24,704]   INFO -  jetbrains.buildServer.STARTUP - TeamCity server node id: MAIN_SERVER
[2023-09-23 09:50:24,710]   INFO -  jetbrains.buildServer.STARTUP - Version file lock was successfully obtained: /opt/teamcity/webapps/ROOT/BUILD_129421
[2023-09-23 09:50:24,734]   INFO -  jetbrains.buildServer.STARTUP - Current stage: Looking for the TeamCity Data Directory
[2023-09-23 09:50:24,736]   INFO -  jetbrains.buildServer.STARTUP - The TeamCity Data Directory path is determined using the environment variable TEAMCITY_DATA_PATH
[2023-09-23 09:50:24,749]   INFO -  jetbrains.buildServer.STARTUP - The TeamCity Data Directory "/data/teamcity_server/datadir" exists
[2023-09-23 09:50:24,751]   INFO -  jetbrains.buildServer.STARTUP - Asking user to confirm first start with the predefined TeamCity Data Directory path
[2023-09-23 09:50:24,757]   INFO -  jetbrains.buildServer.STARTUP - Startup confirmation is required. Open TeamCity web page in the browser. Server is running at http://localhost:8111
[2023-09-23 09:50:24,758]   INFO -  jetbrains.buildServer.STARTUP - Current stage: Confirming TeamCity first start (administrator login is required to proceed)
[2023-09-23 09:51:20,167]   INFO -  jetbrains.buildServer.STARTUP - Current stage: Initializing the TeamCity Data Directory
[2023-09-23 09:51:20,198]   INFO -  jetbrains.buildServer.STARTUP - Node specific data directory location: /data/teamcity_server/datadir
[2023-09-23 09:51:20,208]   INFO -  jetbrains.buildServer.STARTUP - The TeamCity server caches directory is set to the path: /data/teamcity_server/datadir/system/caches
[2023-09-23 09:51:20,237]   INFO - er.https.HttpsConfiguratorImpl - Https is not configured.
[2023-09-23 09:51:20,403]   INFO -  jetbrains.buildServer.STARTUP - Downloading JDBC driver metadata from <https://download.jetbrains.com/teamcity/database-drivers/2023.5.xml?myVersion=2023.05.4&javaVersion=17.0.7>...
[2023-09-23 09:51:21,283]   INFO -  jetbrains.buildServer.STARTUP - Current stage: Setting up database connection (administrator login is required to proceed)
[2023-09-23 09:51:27,219]   INFO -  jetbrains.buildServer.STARTUP - Generated JDBC connection string: jdbc:hsqldb:file:$TEAMCITY_SYSTEM_PATH/buildserver
[2023-09-23 09:51:27,222]   INFO -  jetbrains.buildServer.STARTUP - Current stage: Creating a new database
[2023-09-23 09:51:27,227]   INFO -  jetbrains.buildServer.STARTUP - Creating a new database
[2023-09-23 09:51:27,308]   INFO -  jetbrains.buildServer.STARTUP - Effective database connection properties:
[2023-09-23 09:51:27,308]   INFO -  jetbrains.buildServer.STARTUP - 	cache_file_scale=8 [defaults]
[2023-09-23 09:51:27,309]   INFO -  jetbrains.buildServer.STARTUP - 	hsqldb.default_table_type=cached [defaults]
[2023-09-23 09:51:27,309]   INFO -  jetbrains.buildServer.STARTUP - 	log_size=1024 [defaults]
[2023-09-23 09:51:27,710]   INFO -  jetbrains.buildServer.STARTUP - JDBC driver version: 2.3 (HSQL Database Engine Driver)
[2023-09-23 09:51:27,710]   INFO -  jetbrains.buildServer.STARTUP - Database system version: 2.3.2 (HSQL Database Engine)
[2023-09-23 09:51:27,710]   INFO -  jetbrains.buildServer.STARTUP - Connected to the database successfully
[2023-09-23 09:51:27,726]   INFO -  jetbrains.buildServer.STARTUP - Using schema: PUBLIC
[2023-09-23 09:51:27,729]   INFO -  jetbrains.buildServer.STARTUP - Schema contains no tables.
[2023-09-23 09:51:27,729]   INFO -  jetbrains.buildServer.STARTUP - Creating database schema
[2023-09-23 09:51:27,869]   INFO -  jetbrains.buildServer.STARTUP - Using schema: PUBLIC
[2023-09-23 09:51:27,871]   INFO -  jetbrains.buildServer.STARTUP - Schema contains 165 tables.
[2023-09-23 09:51:27,871]   INFO -  jetbrains.buildServer.STARTUP - Database version is 994
[2023-09-23 09:51:27,878]   INFO -  jetbrains.buildServer.STARTUP - Created a new database.properties file with settings specified from Web UI.
[2023-09-23 09:51:27,879]   INFO -  jetbrains.buildServer.STARTUP - Current stage: Initializing TeamCity server components
[2023-09-23 09:51:28,139]   INFO -  jetbrains.buildServer.STARTUP - Starting the main application
[2023-09-23 09:51:31,766]   INFO -   jetbrains.buildServer.SERVER - Loading test names index from database...
[2023-09-23 09:51:31,786]   INFO - rSide.tests.TestName2IndexImpl - Loaded usage statistics for 0 test names in 15ms
[2023-09-23 09:51:31,788]   INFO - rSide.tests.TestName2IndexImpl - Will load up to 2000000 recently added test names from the database to in-memory cache
[2023-09-23 09:51:31,790]   INFO -   jetbrains.buildServer.SERVER - Finished loading test names index in 20ms. Tests in the index: 0
[2023-09-23 09:51:31,892]   INFO -   jetbrains.buildServer.SERVER - Build history cache size is set to 10000 entries
[2023-09-23 09:51:32,036]   INFO -   jetbrains.buildServer.SERVER - Start initializing build durations cache...
[2023-09-23 09:51:32,038]   INFO -   jetbrains.buildServer.SERVER - Finished initializing build durations cache, time spent: 1ms
[2023-09-23 09:51:32,305]   INFO -   jetbrains.buildServer.SERVER - Loading history of VCS changes...
[2023-09-23 09:51:32,338]   INFO -   jetbrains.buildServer.SERVER - Done loading history of VCS changes: 0 changes loaded in 31ms (id range: 0-1 since 2020-09-23 09:51:32.306 in 3 threads)
[2023-09-23 09:51:33,376]   WARN -   jetbrains.buildServer.UPDATE - Auto update is disabled: not supported for the 'docker-ubuntu' distribution.
[2023-09-23 09:51:35,812]   INFO - er.https.HttpsConfiguratorImpl - HTTPS configurator initialization finished
[2023-09-23 09:51:37,143]   INFO -   jetbrains.buildServer.SERVER - Applying memory thresholds for Memory Usage Monitor: storing 100 last measurements; time between measurements: 3000ms. Thresholds: {G1 Old Gen=90.0, TC_TOTAL_MEMORY_USAGE_KEY=90.0}
[2023-09-23 09:51:37,761]   INFO -   jetbrains.buildServer.SERVER - There are 0 builds in the build history
[2023-09-23 09:51:38,320]   INFO -  jetbrains.buildServer.STARTUP - TeamCity Spring context contains 1889 beans
[2023-09-23 09:51:38,394]   INFO -  jetbrains.buildServer.STARTUP - TeamCity Spring context created in 10s,167ms
[2023-09-23 09:51:38,427]   INFO -   jetbrains.buildServer.SERVER - Root project configuration files created
[2023-09-23 09:51:38,435]   INFO - ojects.ProjectConfigFilesCache - Looking for all project configuration files in: /data/teamcity_server/datadir/config/projects
[2023-09-23 09:51:38,450]   INFO - ojects.ProjectConfigFilesCache - Found 1 project configuration files
[2023-09-23 09:51:38,452]   INFO - ojects.ProjectConfigFilesCache - Checking that project configuration files caches are up-to-date...
[2023-09-23 09:51:38,477]   INFO - ojects.ProjectConfigFilesCache - Found 1 projects with out of date configuration files caches
[2023-09-23 09:51:38,492]   INFO - ojects.ProjectConfigFilesCache - Start creating project configuration files caches for 1 projects...
[2023-09-23 09:51:38,517]   INFO - ojects.ProjectConfigFilesCache - Finished creating project configuration files caches for 1 projects
[2023-09-23 09:51:38,538]   INFO - ins.files.ServerPluginUnpacker - Unpacking zipped plugins from '/opt/teamcity/webapps/ROOT/WEB-INF/plugins'  to '/opt/teamcity/webapps/ROOT/WEB-INF/plugins/.unpacked'
[2023-09-23 09:51:38,598]   INFO -   jetbrains.buildServer.SERVER - Start pre-compiling JSP files...
[2023-09-23 09:51:47,401]   INFO - ins.files.ServerPluginUnpacker - Unpacking zipped plugins from '/data/teamcity_server/datadir/plugins'  to '/data/teamcity_server/datadir/system/caches/plugins.unpacked'
[2023-09-23 09:51:47,402]   INFO - rver.plugins.PluginManagerImpl - ===========================================================
[2023-09-23 09:51:47,402]   INFO - rver.plugins.PluginManagerImpl - Plugins initialization started...
[2023-09-23 09:51:47,402]   INFO - rver.plugins.PluginManagerImpl - Scanning plugins folders
[2023-09-23 09:51:47,403]   INFO - .plugins.files.JarSearcherBase - Scanning plugin folder: /opt/teamcity/webapps/ROOT/WEB-INF/plugins
[2023-09-23 09:51:47,451]   INFO - .plugins.files.JarSearcherBase - Scanning plugin folder: /data/teamcity_server/datadir/plugins
[2023-09-23 09:51:47,452]   INFO - ins.files.ServerPluginUnpacker - Unpacking zipped plugins from '/data/teamcity_server/datadir/plugins'  to '/data/teamcity_server/datadir/system/caches/plugins.unpacked'
[2023-09-23 09:51:47,471]   INFO - rver.plugins.PluginManagerImpl - Found 93 bundled plugins: [agent-system-info (ver:129421), agent.push (ver:129421), Ant (ver:129421), ant-net-tasks (ver:129421), Apache Ant (ver:129421), artifactsSizeStatistics (ver:129421), aws-core-plugin (ver:129421), bbserver-connection (ver:129421), bugzilla (ver:129421), buildDurationStatisticsPlugin (ver:129421), cloud-amazon (ver:129421), commandLineRunner (ver:129421), commit-status-publisher (ver:129421), configs-dsl (ver:129421), coverage (ver:129421), data-dir-browse (ver:129421), deploy-runner (ver:129421), docker-support (ver:129421), dotnet (ver:129421), dotNetRunners (ver:129421), Duplicator (ver:129421), email (ver:129421), environment-fetcher (ver:129421), file-content-replacer (ver:129421), flaky-test-detector (ver:129421), FxCop (ver:129421), gant-tool (ver:129421), GAntRunner (ver:129421), GitLabIssues (ver:129421), golang (ver:129421), gradle-runner (ver:129421), idea-tool (ver:129421), Inspection (ver:129421), intellij-plugin-distributor (ver:129421), investigations-auto-assigner (ver:129421), Ipr (ver:129421), Java Crashed detector (ver:129421), java-dowser (ver:129421), jetbrains.git (ver:129421), jira-cloud-integration (ver:129421), jps-tool (ver:129421), jvm-update (ver:129421), kotlin-script-runner (ver:129421), ldap (ver:129421), Maven2 (ver:129421), mercurial (ver:129421), metarunner (ver:129421), nodejs-runner (ver:129421), nt-domain-login (ver:129421), nuget (ver:129421), overview-plugin (ver:129421), perfmon (ver:129421), perforce (ver:129421), powershell-runner (ver:129421), priority-queue (ver:129421), pull-requests (ver:129421), python-runner (ver:129421), qodana (ver:129421), queue-pauser (ver:129421), rake-runner (ver:129421), remoteAccess (ver:129421), reset-password (ver:129421), rest-api (ver:129421), rest-api-contrib (ver:129421), s3-artifact-storage (ver:129421), sbt-runner (ver:129421), searchBuildByNumber (ver:129421), slackNotifier (ver:129421), ssh-manager (ver:129421), stacktraces (ver:129421), starteam (ver:129421), svn (ver:129421), swabra (ver:129421), teamcity-agent-terminal (ver:129421), teamcity-compare-builds (ver:129421), teamcity-github-app (ver:129421), teamcity-kubernetes-plugin (ver:129421), teamcity-matrix-build (ver:129421), teamcity-parallel-tests (ver:129421), TeamCity.BitBucketIssues (ver:129421), TeamCity.GitHubIssues (ver:129421), TeamCity.SharedResources (ver:129421), tfs (ver:129421), unified-ui (ver:129421), usage-statistics (ver:129421), visualstudiotest (ver:129421), vs-addin-distributor (ver:129421), vsphere (ver:129421), webhooks (ver:129421), WindowsTray (ver:129421), xcode-runner (ver:129421), xml-report-plugin (ver:129421), youtrack (ver:129421)]
[2023-09-23 09:51:47,554]   INFO - rver.plugins.PluginsCollection - Load shared classloader for 24 plugins [Ant, ant-net-tasks, Apache Ant, artifactsSizeStatistics, buildDurationStatisticsPlugin, commandLineRunner, email, environment-fetcher, gant-tool, GAntRunner, intellij-plugin-distributor, Java Crashed detector, jps-tool, ldap, priority-queue, remoteAccess, sbt-runner, searchBuildByNumber, stacktraces, starteam, swabra, WindowsTray, xml-report-plugin, youtrack]
[2023-09-23 09:51:47,574]   INFO - rver.plugins.PluginsCollection - Load standalone classloaders for 69 plugins [agent-system-info, agent.push, aws-core-plugin, bbserver-connection, bugzilla, cloud-amazon, commit-status-publisher, configs-dsl, coverage, data-dir-browse, deploy-runner, docker-support, dotnet, dotNetRunners, Duplicator, file-content-replacer, flaky-test-detector, FxCop, GitLabIssues, golang, gradle-runner, idea-tool, Inspection, investigations-auto-assigner, Ipr, java-dowser, jetbrains.git, jira-cloud-integration, jvm-update, kotlin-script-runner, Maven2, mercurial, metarunner, nodejs-runner, nt-domain-login, nuget, overview-plugin, perfmon, perforce, powershell-runner, pull-requests, python-runner, qodana, queue-pauser, rake-runner, reset-password, rest-api, rest-api-contrib, s3-artifact-storage, slackNotifier, ssh-manager, svn, teamcity-agent-terminal, teamcity-compare-builds, teamcity-github-app, teamcity-kubernetes-plugin, teamcity-matrix-build, teamcity-parallel-tests, TeamCity.BitBucketIssues, TeamCity.GitHubIssues, TeamCity.SharedResources, tfs, unified-ui, usage-statistics, visualstudiotest, vs-addin-distributor, vsphere, webhooks, xcode-runner]
[2023-09-23 09:51:50,859]   INFO - e.RemoteMavenServerManagerImpl - Starting external maven service
[2023-09-23 09:51:52,783]   INFO - e.RemoteMavenServerManagerImpl - Remote server is connected.
[2023-09-23 09:51:54,451]   INFO -   jetbrains.buildServer.SERVER - Restoring flaky tests status from finished builds started after: 2023-09-16 09:51:54.450
[2023-09-23 09:51:56,490]   INFO - rver.plugins.PluginManagerImpl - Plugins initialization completed (93 plugins loaded): [agent-system-info (ver:129421), agent.push (ver:129421), Ant (ver:129421), ant-net-tasks (ver:129421), Apache Ant (ver:129421), artifactsSizeStatistics (ver:129421), aws-core-plugin (ver:129421), bbserver-connection (ver:129421), bugzilla (ver:129421), buildDurationStatisticsPlugin (ver:129421), cloud-amazon (ver:129421), commandLineRunner (ver:129421), commit-status-publisher (ver:129421), configs-dsl (ver:129421), coverage (ver:129421), data-dir-browse (ver:129421), deploy-runner (ver:129421), docker-support (ver:129421), dotnet (ver:129421), dotNetRunners (ver:129421), Duplicator (ver:129421), email (ver:129421), environment-fetcher (ver:129421), file-content-replacer (ver:129421), flaky-test-detector (ver:129421), FxCop (ver:129421), gant-tool (ver:129421), GAntRunner (ver:129421), GitLabIssues (ver:129421), golang (ver:129421), gradle-runner (ver:129421), idea-tool (ver:129421), Inspection (ver:129421), intellij-plugin-distributor (ver:129421), investigations-auto-assigner (ver:129421), Ipr (ver:129421), Java Crashed detector (ver:129421), java-dowser (ver:129421), jetbrains.git (ver:129421), jira-cloud-integration (ver:129421), jps-tool (ver:129421), jvm-update (ver:129421), kotlin-script-runner (ver:129421), ldap (ver:129421), Maven2 (ver:129421), mercurial (ver:129421), metarunner (ver:129421), nodejs-runner (ver:129421), nt-domain-login (ver:129421), nuget (ver:129421), overview-plugin (ver:129421), perfmon (ver:129421), perforce (ver:129421), powershell-runner (ver:129421), priority-queue (ver:129421), pull-requests (ver:129421), python-runner (ver:129421), qodana (ver:129421), queue-pauser (ver:129421), rake-runner (ver:129421), remoteAccess (ver:129421), reset-password (ver:129421), rest-api (ver:129421), rest-api-contrib (ver:129421), s3-artifact-storage (ver:129421), sbt-runner (ver:129421), searchBuildByNumber (ver:129421), slackNotifier (ver:129421), ssh-manager (ver:129421), stacktraces (ver:129421), starteam (ver:129421), svn (ver:129421), swabra (ver:129421), teamcity-agent-terminal (ver:129421), teamcity-compare-builds (ver:129421), teamcity-github-app (ver:129421), teamcity-kubernetes-plugin (ver:129421), teamcity-matrix-build (ver:129421), teamcity-parallel-tests (ver:129421), TeamCity.BitBucketIssues (ver:129421), TeamCity.GitHubIssues (ver:129421), TeamCity.SharedResources (ver:129421), tfs (ver:129421), unified-ui (ver:129421), usage-statistics (ver:129421), visualstudiotest (ver:129421), vs-addin-distributor (ver:129421), vsphere (ver:129421), webhooks (ver:129421), WindowsTray (ver:129421), xcode-runner (ver:129421), xml-report-plugin (ver:129421), youtrack (ver:129421)]
[2023-09-23 09:51:56,491]   INFO - rver.plugins.PluginManagerImpl - ===========================================================
[2023-09-23 09:51:56,494]   INFO -   jetbrains.buildServer.SERVER - TeamCity plugins loaded in 17s,957ms
[2023-09-23 09:51:58,973]   INFO -   jetbrains.buildServer.SERVER - Start loading server configuration...
[2023-09-23 09:51:59,195]   INFO -  jetbrains.buildServer.CLEANUP - Cleanup start time has been set to 3:00 daily
[2023-09-23 09:51:59,206]   INFO -  jetbrains.buildServer.CLEANUP - The next cleanup time is 2023-09-24 03:00:00.000
[2023-09-23 09:51:59,207]   INFO -  jetbrains.buildServer.CLEANUP - Cleanup is enabled
[2023-09-23 09:51:59,358]   INFO -   jetbrains.buildServer.SERVER - Parsing 1  configuration file...
[2023-09-23 09:51:59,419]   INFO -   jetbrains.buildServer.SERVER - Updating projects configuration from 1 added/changed configuration file and 0 removed files...
[2023-09-23 09:52:00,061]   INFO - serverSide.impl.BuildQueueImpl - Build queue loaded: 0 builds
[2023-09-23 09:52:00,105]   INFO -   jetbrains.buildServer.SERVER - Server configuration loaded in: 1s,130ms
[2023-09-23 09:52:00,105]   INFO -   jetbrains.buildServer.SERVER - Start loading cache of build committers...
[2023-09-23 09:52:00,186]   INFO -   jetbrains.buildServer.SERVER - Done loading cache of build committers in 80ms Loaded data for 0 users
[2023-09-23 09:52:06,216]   INFO -   jetbrains.buildServer.SERVER - TeamCity initialized, server UUID: a4e619d8-7679-465a-a619-0fafd59ede61, URL: http://localhost:8111
[2023-09-23 09:52:06,221]   INFO -   jetbrains.buildServer.SERVER - TeamCity is running in professional mode
[2023-09-23 09:52:06,226]   INFO - utors.DeferringExecutorService - 0 commands sent to execution
[2023-09-23 09:52:06,226]   INFO - utors.DeferringExecutorService - 0 commands sent to execution
[2023-09-23 09:52:06,237]   INFO -   jetbrains.buildServer.SERVER - Start calculating branches for 0 build configurations...
[2023-09-23 09:52:06,244]   INFO - utors.DeferringExecutorService - 5 commands sent to execution
[2023-09-23 09:52:06,244]   INFO -   jetbrains.buildServer.SERVER - Done calculating branches for 0 build configurations (0 branches found) in 7ms
[2023-09-23 09:52:06,257]   INFO -   jetbrains.buildServer.SERVER - Start calculating status for 0 build configurations...
[2023-09-23 09:52:06,261]   INFO -   jetbrains.buildServer.SERVER - Done calculating branches for 0 build configurations in 4ms
[2023-09-23 09:52:06,264]   INFO -   jetbrains.buildServer.SERVER - Start prefetching build statistic metrics for 0 build configurations...
[2023-09-23 09:52:06,269]   INFO -   jetbrains.buildServer.SERVER - Done prefetching build statistic metrics for 0 build configurations in 5ms
[2023-09-23 09:52:06,286]   INFO -   jetbrains.buildServer.SERVER - Flaky test detector: 0 historical test invocations in 0 builds replayed in < 1ms (sql queries executed in < 1ms); 0 test invocations ignored (0%)
[2023-09-23 09:52:06,289]   INFO -   jetbrains.buildServer.SERVER - Flaky test detector: started processing tests queue. Current deferring tests count: 0
[2023-09-23 09:52:06,293]   INFO - utors.DeferringExecutorService - 4 commands sent to execution
[2023-09-23 09:52:06,295]   INFO - utors.DeferringExecutorService - 0 commands sent to execution
[2023-09-23 09:52:06,296]   INFO - utors.DeferringExecutorService - 0 commands sent to execution
[2023-09-23 09:52:06,294]   INFO -   jetbrains.buildServer.SERVER - Flaky test detector: finished processing deferred tests queue
[2023-09-23 09:52:06,387]   INFO -   jetbrains.buildServer.SERVER - Start computing changes intervals for 0 active build configurations
[2023-09-23 09:52:06,388]   INFO -   jetbrains.buildServer.SERVER - Finish computing changes intervals for 0 active build configurations
[2023-09-23 09:52:06,387]   INFO - projects.ProjectEventsNotifier - Detected 1 possibly modified projects on disk, will generate projectConfigChanged events for all of them
[2023-09-23 09:52:06,389]   INFO -   jetbrains.buildServer.SERVER - Start computing changes intervals for 0 archived build configurations
[2023-09-23 09:52:06,390]   INFO -   jetbrains.buildServer.SERVER - Finish computing changes intervals for 0 archived build configurations
[2023-09-23 09:52:06,391]   INFO - projects.ProjectEventsNotifier - Adding event 'projectConfigChanged' for project '_Root'
[2023-09-23 09:52:06,425]   INFO - ribution.BuildDistributorProxy - Default build distributor will be used
[2023-09-23 09:52:06,434]   INFO -   jetbrains.buildServer.SERVER - Start initializing sequence for domain node_task_id
[2023-09-23 09:52:06,484]   INFO -   jetbrains.buildServer.SERVER - Started processing triggers of type: nuget.simple (corresponding task: PerformingTaskImpl{myId=1, myType='processingTriggers', myIdentity='processingTriggers-nuget.simple', myArg1=null, myArg2=null, myStringArg='nuget.simple', myLongStringArgUUID='null'})
[2023-09-23 09:52:06,509]   INFO -   jetbrains.buildServer.SERVER - Super user authentication token: 6875360677940779198 (use empty username with the token as the password to access the server)
[2023-09-23 09:52:06,514]   INFO - .agent.AgentZipVersionProvider - Build agent distribution '/opt/teamcity/webapps/ROOT/update/buildAgent.zip' state initialized. Last modified: 12.09.2023 13:11:42, size: 30727641
[2023-09-23 09:52:06,520]   INFO -   jetbrains.buildServer.SERVER - Start loading "failed to start" build configuration errors in background
[2023-09-23 09:52:06,523]   INFO -   jetbrains.buildServer.SERVER - Initializing DiskUsage cache
[2023-09-23 09:52:06,524]   INFO -   jetbrains.buildServer.SERVER - Done loading "failed to start" build configuration errors: loaded 0 problems in < 1ms
[2023-09-23 09:52:06,528]   INFO -   jetbrains.buildServer.SERVER - DiskUsage cache initialized
[2023-09-23 09:52:06,538]   INFO - s.buildServer.SERVER.TEST_RUNS - Start loading test runs for investigations and mutes into cache...
[2023-09-23 09:52:06,581]   INFO - s.buildServer.SERVER.TEST_RUNS - Done loading test runs. Loaded 0 tests in 0 scopes in 32ms, cache size: 0, failed test runs: 0, successful test runs: 0
[2023-09-23 09:52:06,659]   INFO - .agent.AgentZipVersionProvider - Build agent distribution version is set to 129421, hash=SHA-16p6RQtyxWCyYTtyNCQaQxlSjTog=
[2023-09-23 09:52:07,871]   INFO - ority.PriorityClassManagerImpl - Loading priority classes from the configuration file: /data/teamcity_server/datadir/config/build-queue-priorities.xml
[2023-09-23 09:52:07,878]   INFO -   jetbrains.buildServer.SERVER - Ordering strategy changed to jetbrains.buildServer.serverSide.priority.BuildQueuePriorityOrdering
[2023-09-23 09:52:07,895]   INFO - verSide.impl.BuildServerRunner - Start daemons
[2023-09-23 09:52:07,913]   INFO - tbrains.buildServer.ACTIVITIES - Server Started
[2023-09-23 09:52:07,954]   INFO -  jetbrains.buildServer.STARTUP - Startup duration: 1m:43s
[2023-09-23 09:52:07,960]   INFO -  jetbrains.buildServer.STARTUP - Current stage: System is ready
[2023-09-23 09:52:13,460]   INFO - nt.AgentPluginsVersionProvider - State of agent plugin packages is initialized in 6s,790ms: new plugin 'JetBrains.dotCover.CommandLineTools.bundled.zip' file: '/opt/teamcity/webapps/ROOT/WEB-INF/plugins/dotNetRunners/bundled-tools/JetBrains.dotCover.CommandLineTools.bundled.zip', hash: 'SHA-1pUqFO0TUueeoXE26Bv+NQ9w9KKA='; new plugin 'agentSystemInfo.zip' file: '/opt/teamcity/webapps/ROOT/WEB-INF/plugins/.unpacked/agentSystemInfo/agent/agentSystemInfo.zip', hash: 'SHA-1ExHtStw51RoDV8eMD7/WXJionvA='; new plugin 'amazonEC2.zip' file: '/opt/teamcity/webapps/ROOT/WEB-INF/plugins/.unpacked/cloud-amazon/agent/amazonEC2.zip', hash: 'SHA-1/Z8fKQ1omeIPK7aEVmpbzZoUdJ8='; new plugin 'ant-net-tasks.zip' file: '/opt/teamcity/webapps/ROOT/WEB-INF/plugins/ant-net-tasks/agent/ant-net-tasks.zip', hash: 'SHA-1kqo4W1CpLMk8O1Z29B9I5haFuac='; new plugin 'ant.zip' file: '/opt/teamcity/webapps/ROOT/WEB-INF/plugins/ant-tool/agent/ant.zip', hash: 'SHA-1AGG7AjVnHy5IiYmqwxU4uTfF9+g='; new plugin 'antPlugin.zip' file: '/opt/teamcity/webapps/ROOT/WEB-INF/plugins/ant/agent/antPlugin.zip', hash: 'SHA-18hvphYg0WX719uzNQ0Bi0uv0iMw='; new plugin 'aws-core-agent.zip' file: '/opt/teamcity/webapps/ROOT/WEB-INF/plugins/.unpacked/aws-core-plugin/agent/aws-core-agent.zip', hash: 'SHA-1WExE63cz2f2Pw3Y9XbZXGJ6O1bM='; new plugin 'cloud-vmware-agent.zip' file: '/opt/teamcity/webapps/ROOT/WEB-INF/plugins/.unpacked/cloud-vmware/agent/cloud-vmware-agent.zip', hash: 'SHA-1sJTlU41/Ij6Ex21Q5kV1r8hlxP0='; new plugin 'commandLineRunner.jar' file: '/opt/teamcity/webapps/ROOT/WEB-INF/plugins/commandLineRunner/agent/commandLineRunner.jar', hash: 'SHA-1zk3XmAOswJedXDSvHGI2/p9am0U='; new plugin 'coveragePlugin.zip' file: '/opt/teamcity/webapps/ROOT/WEB-INF/plugins/coverage/agent/coveragePlugin.zip', hash: 'SHA-1bcK+9XJcYzOIR5itoxMpTCox0C0='; new plugin 'crashDetector.zip' file: '/opt/teamcity/webapps/ROOT/WEB-INF/plugins/crash-detector/agent/crashDetector.zip', hash: 'SHA-1q67Yvg4X1wqaysrVAwj8WG2XhgQ='; new plugin 'deploy-runner-agent.zip' file: '/opt/teamcity/webapps/ROOT/WEB-INF/plugins/.unpacked/deploy-runner/agent/deploy-runner-agent.zip', hash: 'SHA-1G2n65gGklwK7jCqzlaMh4hNyecg='; new plugin 'docker-support.zip' file: '/opt/teamcity/webapps/ROOT/WEB-INF/plugins/.unpacked/docker-support/agent/docker-support.zip', hash: 'SHA-1ioZRAEoN1mfffiyKWKdir5LV04o='; new plugin 'dotNetPlugin.zip' file: '/opt/teamcity/webapps/ROOT/WEB-INF/plugins/dotNetRunners/agent/dotNetPlugin.zip', hash: 'SHA-1uwHSVxjyjsZXIbISCBGnIIiGlGs='; new plugin 'dotNetRunners.zip' file: '/opt/teamcity/webapps/ROOT/WEB-INF/plugins/dotNetRunners/agent/dotNetRunners.zip', hash: 'SHA-1YF1hU5MtBjD6MscJaTxsM6+4G7U='; new plugin 'dotnet.zip' file: '/opt/teamcity/webapps/ROOT/WEB-INF/plugins/.unpacked/dotnet/agent/dotnet.zip', hash: 'SHA-18MS4ECZU+rKgf5HW4FLZvO4Jj8w='; new plugin 'duplicatePlugin.zip' file: '/opt/teamcity/webapps/ROOT/WEB-INF/plugins/Duplicator/agent/duplicatePlugin.zip', hash: 'SHA-1P1dQUyfQapoTD6okqOX7GvkVcsA='; new plugin 'environment-fetcher-agent.jar' file: '/opt/teamcity/webapps/ROOT/WEB-INF/plugins/environment-fetcher/agent/environment-fetcher-agent.jar', hash: 'SHA-1Az3C30Dk6V1tTHAgWkoGo7fxeg4='; new plugin 'file-content-replacer.zip' file: '/opt/teamcity/webapps/ROOT/WEB-INF/plugins/file-content-replacer/agent/file-content-replacer.zip', hash: 'SHA-1PcRogbCYB+bIVwyj7Q4gfVQ5MAg='; new plugin 'fxcop.zip' file: '/opt/teamcity/webapps/ROOT/WEB-INF/plugins/.unpacked/fxcop/agent/fxcop.zip', hash: 'SHA-1M//f/DWU9jRjF8AAB0kI7spQlv8='; new plugin 'gant.zip' file: '/opt/teamcity/webapps/ROOT/WEB-INF/plugins/gant-tool/agent/gant.zip', hash: 'SHA-1rdP1ceLkXslhgftSC5R4rJ/GQIs='; new plugin 'gantPlugin.zip' file: '/opt/teamcity/webapps/ROOT/WEB-INF/plugins/gantRunner/agent/gantPlugin.zip', hash: 'SHA-1iSY7rl8p2QTs+4k82Yr+odwHGI4='; new plugin 'golang-agent.zip' file: '/opt/teamcity/webapps/ROOT/WEB-INF/plugins/.unpacked/golang/agent/golang-agent.zip', hash: 'SHA-1glz+I1K6c/0p/gl5cJBFTJ19W7w='; new plugin 'gradle-runner.zip' file: '/opt/teamcity/webapps/ROOT/WEB-INF/plugins/gradle/agent/gradle-runner.zip', hash: 'SHA-1BrUrk6moxZKdKSBUbMZY+j8ttEM='; new plugin 'idea-runner.zip' file: '/opt/teamcity/webapps/ROOT/WEB-INF/plugins/ipr-runner/agent/idea-runner.zip', hash: 'SHA-1DhBYn5JjbFy7LVMlTY1Dbf6S1dU='; new plugin 'idea.zip' file: '/opt/teamcity/webapps/ROOT/WEB-INF/plugins/idea-tool/bundled/idea.zip', hash: 'SHA-1FA6GSeY6kc31NwFiHWzk+WfZfFs='; new plugin 'inspectionPlugin.zip' file: '/opt/teamcity/webapps/ROOT/WEB-INF/plugins/server-side-inspections/agent/inspectionPlugin.zip', hash: 'SHA-13PAOLmObq65TiYcZkA78iLjFHzw='; new plugin 'jacoco.0.7.5.zip' file: '/opt/teamcity/webapps/ROOT/WEB-INF/plugins/coverage/bundled/jacoco.0.7.5.zip', hash: 'SHA-1/0IU9uhBJZG0TcyNb/ST6qLGrWM='; new plugin 'jacoco.0.8.2.zip' file: '/opt/teamcity/webapps/ROOT/WEB-INF/plugins/coverage/bundled/jacoco.0.8.2.zip', hash: 'SHA-1KMUA9c/jc3E0e9S6F4fzprdKvss='; new plugin 'jacoco.0.8.4.zip' file: '/opt/teamcity/webapps/ROOT/WEB-INF/plugins/coverage/bundled/jacoco.0.8.4.zip', hash: 'SHA-1SjsCtB302bDlh05zFm1tOB8Q6oo='; new plugin 'jacoco.0.8.6.zip' file: '/opt/teamcity/webapps/ROOT/WEB-INF/plugins/coverage/bundled/jacoco.0.8.6.zip', hash: 'SHA-1dS4/oE6TFkZZc3SWQbzRu1OimKA='; new plugin 'jacoco.0.8.7.zip' file: '/opt/teamcity/webapps/ROOT/WEB-INF/plugins/coverage/bundled/jacoco.0.8.7.zip', hash: 'SHA-1ic3K0Ze+QhtuO+CCCwNDlaDjRkY='; new plugin 'java-dowser.zip' file: '/opt/teamcity/webapps/ROOT/WEB-INF/plugins/java-dowser/agent/java-dowser.zip', hash: 'SHA-1HfimdwNBciJ1Pf8HUTmYnbiuDHE='; new plugin 'jetbrains.git.zip' file: '/opt/teamcity/webapps/ROOT/WEB-INF/plugins/.unpacked/jetbrains.git/agent/jetbrains.git.zip', hash: 'SHA-1mLIolpIJ8V04vKa24KfHKtYxg+4='; new plugin 'jetbrains.resharper-clt.bundled.zip' file: '/opt/teamcity/webapps/ROOT/WEB-INF/plugins/.unpacked/dotnet/server/bundled-tool/jetbrains.resharper-clt.bundled.zip', hash: 'SHA-1iaWqh/i+Yyn2pSnLtq+3b+NNu5I='; new plugin 'jps.zip' file: '/opt/teamcity/webapps/ROOT/WEB-INF/plugins/jps-tool/agent/jps.zip', hash: 'SHA-1M0TRgzeUMyMNeXD90MGpDeTl9lk='; new plugin 'junitPlugin.zip' file: '/opt/teamcity/webapps/ROOT/WEB-INF/plugins/ant/agent/junitPlugin.zip', hash: 'SHA-1hc3uKzrbdelVvuqapC27Wv2aUU8='; new plugin 'jvm-update.zip' file: '/opt/teamcity/webapps/ROOT/WEB-INF/plugins/jvm-update/agent/jvm-update.zip', hash: 'SHA-1Q0zO9qyDheta62fvqzsn7vjHUfQ='; new plugin 'kotlin-script-runner-agent-129421.zip' file: '/opt/teamcity/webapps/ROOT/WEB-INF/plugins/.unpacked/kotlin-script-runner/agent/kotlin-script-runner-agent-129421.zip', hash: 'SHA-1UhW/COzNFB/6zihfPKRO/gjWcig='; new plugin 'kotlin.compiler.bundled.zip' file: '/opt/teamcity/webapps/ROOT/WEB-INF/plugins/.unpacked/kotlin-script-runner/bundled/kotlin.compiler.bundled.zip', hash: 'SHA-1Sk9LCgXs4bWuoi/i6hGxGhiafRY='; new plugin 'maven.zip' file: '/opt/teamcity/webapps/ROOT/WEB-INF/plugins/Maven2/bundled-tools/maven.zip', hash: 'SHA-11jca+N8bDsSsGAdpcFQviD2nGqE='; new plugin 'maven3.zip' file: '/opt/teamcity/webapps/ROOT/WEB-INF/plugins/Maven2/bundled-tools/maven3.zip', hash: 'SHA-1C6DeUAotuXKpNI4YYXYoeA4Q0WA='; new plugin 'maven3_1.zip' file: '/opt/teamcity/webapps/ROOT/WEB-INF/plugins/Maven2/bundled-tools/maven3_1.zip', hash: 'SHA-1zvJML5avUTPYBU1HvUiwea/iDbM='; new plugin 'maven3_2.zip' file: '/opt/teamcity/webapps/ROOT/WEB-INF/plugins/Maven2/bundled-tools/maven3_2.zip', hash: 'SHA-1sfHGdGz+djUFRTKpOytL8pdq6Ks='; new plugin 'maven3_3.zip' file: '/opt/teamcity/webapps/ROOT/WEB-INF/plugins/Maven2/bundled-tools/maven3_3.zip', hash: 'SHA-1j/riZUxsY6G6MogdTRKWR8xktA4='; new plugin 'maven3_5.zip' file: '/opt/teamcity/webapps/ROOT/WEB-INF/plugins/Maven2/bundled-tools/maven3_5.zip', hash: 'SHA-195CWdPhpV5xBu+KvJx2d3fhLU3s='; new plugin 'maven3_6.zip' file: '/opt/teamcity/webapps/ROOT/WEB-INF/plugins/Maven2/bundled-tools/maven3_6.zip', hash: 'SHA-1RGL6ByewL3v3u+97h4HorBcmdKE='; new plugin 'maven3_8.zip' file: '/opt/teamcity/webapps/ROOT/WEB-INF/plugins/Maven2/bundled-tools/maven3_8.zip', hash: 'SHA-12ZY3v918zlX1JKmgeWc+psJymNA='; new plugin 'mavenPlugin.zip' file: '/opt/teamcity/webapps/ROOT/WEB-INF/plugins/Maven2/agent/mavenPlugin.zip', hash: 'SHA-11X5TPsBunAFDOrsixj9oOVwGxg4='; new plugin 'mercurial.zip' file: '/opt/teamcity/webapps/ROOT/WEB-INF/plugins/.unpacked/mercurial/agent/mercurial.zip', hash: 'SHA-1hUQ1lU2e7o5eJaBE0UeSmxVapjc='; new plugin 'meta-runner.zip' file: '/opt/teamcity/webapps/ROOT/WEB-INF/plugins/meta-runner/agent/meta-runner.zip', hash: 'SHA-1ALsyznCN29flP0/UFndLvquODRg='; new plugin 'nodejs-agent-129421.zip' file: '/opt/teamcity/webapps/ROOT/WEB-INF/plugins/.unpacked/nodejs-runner/agent/nodejs-agent-129421.zip', hash: 'SHA-1pTwuSFi+0Wbc/HeGaHCoTciWS+Q='; new plugin 'nuget-agent.zip' file: '/opt/teamcity/webapps/ROOT/WEB-INF/plugins/.unpacked/dotNetPackagesSupport/agent/nuget-agent.zip', hash: 'SHA-1cBRt0erAsL0v2jXu5/dyz3Av6ac='; new plugin 'perfmon-agent.zip' file: '/opt/teamcity/webapps/ROOT/WEB-INF/plugins/.unpacked/perfmon/agent/perfmon-agent.zip', hash: 'SHA-1bGPpIkGqsO/i2vqkzIV0LFw1z2Q='; new plugin 'perforce-agent.zip' file: '/opt/teamcity/webapps/ROOT/WEB-INF/plugins/perforce/agent/perforce-agent.zip', hash: 'SHA-1R4wjn5Il17GFIvnT//aRRVpDFho='; new plugin 'plugin-agent.zip' file: '/opt/teamcity/webapps/ROOT/WEB-INF/plugins/.unpacked/powershell/agent/plugin-agent.zip', hash: 'SHA-1CY2RiR8Ac6T1uNaOLg/YEBhdu2s='; new plugin 'python-agent-129421.zip' file: '/opt/teamcity/webapps/ROOT/WEB-INF/plugins/.unpacked/python-runner/agent/python-agent-129421.zip', hash: 'SHA-1niinfsyKp7+TDCJnnHjS64zASP4='; new plugin 'qodana.zip' file: '/opt/teamcity/webapps/ROOT/WEB-INF/plugins/.unpacked/qodana/agent/qodana.zip', hash: 'SHA-1/eWA+9s7aj/6WqlryhENoSIY/ZU='; new plugin 'rake-runner.zip' file: '/opt/teamcity/webapps/ROOT/WEB-INF/plugins/.unpacked/rake-runner/agent/rake-runner.zip', hash: 'SHA-1dZ3GqFJ4oYqiqbj5V9eDexTRGyo='; new plugin 'remoteAccess.zip' file: '/opt/teamcity/webapps/ROOT/WEB-INF/plugins/remoteAccess/agent/remoteAccess.zip', hash: 'SHA-1elR2CX5kcT4fKQyQaAzw42hG8NU='; new plugin 's3-artifact-storage-agent.zip' file: '/opt/teamcity/webapps/ROOT/WEB-INF/plugins/.unpacked/s3-artifact-storage/agent/s3-artifact-storage-agent.zip', hash: 'SHA-1RgG7ZEjV2BE+toEReDQMWdWpKeg='; new plugin 'sbt-runner-agent.zip' file: '/opt/teamcity/webapps/ROOT/WEB-INF/plugins/.unpacked/sbt-runner/agent/sbt-runner-agent.zip', hash: 'SHA-1u3LlVCdkWiGEXb3AcTEXQzGAUrQ='; new plugin 'ssh-manager.jar' file: '/opt/teamcity/webapps/ROOT/WEB-INF/plugins/ssh-manager/agent/ssh-manager.jar', hash: 'SHA-1D14EsgAfaJYgBPwXjzYselnWpHE='; new plugin 'stacktracesPlugin.zip' file: '/opt/teamcity/webapps/ROOT/WEB-INF/plugins/stacktraces/agent/stacktracesPlugin.zip', hash: 'SHA-1AbFyY816H4Ytu9xQVhfEzdRE8Hc='; new plugin 'svnAgent.zip' file: '/opt/teamcity/webapps/ROOT/WEB-INF/plugins/svn/agent/svnAgent.zip', hash: 'SHA-1wUu7t9dTrI3DHxGM8amH2GNJlmg='; new plugin 'swabra.zip' file: '/opt/teamcity/webapps/ROOT/WEB-INF/plugins/.unpacked/swabra/agent/swabra.zip', hash: 'SHA-1e0T8nA1lqU099bN7I30FyHu/xOg='; new plugin 'teamcity-agent-terminal-plugin-agent.zip' file: '/opt/teamcity/webapps/ROOT/WEB-INF/plugins/.unpacked/teamcity-agents-terminal-plugin/agent/teamcity-agent-terminal-plugin-agent.zip', hash: 'SHA-1uJOEtwyquqU98gqDrWteKOWXoE0='; new plugin 'teamcity-kubernetes-plugin-agent.zip' file: '/opt/teamcity/webapps/ROOT/WEB-INF/plugins/.unpacked/kubernetes-plugin/agent/teamcity-kubernetes-plugin-agent.zip', hash: 'SHA-1S4mmYD1TKrwKMTzeZStn6S99bno='; new plugin 'teamcity-parallel-tests-agent.zip' file: '/opt/teamcity/webapps/ROOT/WEB-INF/plugins/.unpacked/teamcity-parallel-tests/agent/teamcity-parallel-tests-agent.zip', hash: 'SHA-1M9ryQYZ4v5svP1MygI7n5KPQhzo='; new plugin 'testNGPlugin.zip' file: '/opt/teamcity/webapps/ROOT/WEB-INF/plugins/ant/agent/testNGPlugin.zip', hash: 'SHA-1PUx6OtqFvTOA2CdAU40Kn0vM/2o='; new plugin 'tfs-agent.zip' file: '/opt/teamcity/webapps/ROOT/WEB-INF/plugins/tfs/agent/tfs-agent.zip', hash: 'SHA-1YSaKJPujCeBqC72nJmiuQxe4zMs='; new plugin 'visualstudiotest-agent.zip' file: '/opt/teamcity/webapps/ROOT/WEB-INF/plugins/visualstudiotest/agent/visualstudiotest-agent.zip', hash: 'SHA-1d6WgIvJccEI0HpnQFlfAdVp9MCc='; new plugin 'xcode-runner.zip' file: '/opt/teamcity/webapps/ROOT/WEB-INF/plugins/.unpacked/xcode-runner/agent/xcode-runner.zip', hash: 'SHA-1vc6MzChNk9Ir1GNIbP2d6l1i7DQ='; new plugin 'xml-report-plugin.zip' file: '/opt/teamcity/webapps/ROOT/WEB-INF/plugins/.unpacked/xml-report-plugin/agent/xml-report-plugin.zip', hash: 'SHA-1zYVOPtJ5rZ156UbU62A6p6rE3vo='
[2023-09-23 09:52:16,430]   INFO -    jetbrains.buildServer.AGENT - Removing authorization token '' from agent with no name: "" {id=0, protocol=unidirectional, host=172.21.0.2:9090, agentTypeId=0, registered since 2023-09-23 09:52:16.424}
[2023-09-23 09:52:16,458]   INFO -   jetbrains.buildServer.SERVER - Start initializing sequence for domain agent_id
[2023-09-23 09:52:16,509]   INFO -    jetbrains.buildServer.AGENT - Set generated name "teamcityexperiment-teamcity-agent-1" to agent "" {id=1} as it had no name defined.
[2023-09-23 09:52:16,514]   INFO -    jetbrains.buildServer.AGENT - New agent authorization token "6611e1151f666d42b9b8f0da82b2acd7" was generated for agent "teamcityexperiment-teamcity-agent-1" {id=1}
[2023-09-23 09:52:16,525]   INFO -   jetbrains.buildServer.SERVER - Start initializing sequence for domain agent_type_id
[2023-09-23 09:52:16,550]   INFO -   jetbrains.buildServer.SERVER - Started processing triggers of type: vcsTrigger (corresponding task: PerformingTaskImpl{myId=2, myType='processingTriggers', myIdentity='processingTriggers-vcsTrigger', myArg1=null, myArg2=null, myStringArg='vcsTrigger', myLongStringArgUUID='null'})
[2023-09-23 09:52:16,557]   INFO -   jetbrains.buildServer.SERVER - Started processing triggers of type: mavenArtifactDependencyTrigger (corresponding task: PerformingTaskImpl{myId=3, myType='processingTriggers', myIdentity='processingTriggers-mavenArtifactDependencyTrigger', myArg1=null, myArg2=null, myStringArg='mavenArtifactDependencyTrigger', myLongStringArgUUID='null'})
[2023-09-23 09:52:16,561]   INFO -   jetbrains.buildServer.SERVER - Started processing triggers of type: retryBuildTrigger (corresponding task: PerformingTaskImpl{myId=4, myType='processingTriggers', myIdentity='processingTriggers-retryBuildTrigger', myArg1=null, myArg2=null, myStringArg='retryBuildTrigger', myLongStringArgUUID='null'})
[2023-09-23 09:52:16,564]   INFO -   jetbrains.buildServer.SERVER - Started processing triggers of type: perforceShelveTrigger (corresponding task: PerformingTaskImpl{myId=5, myType='processingTriggers', myIdentity='processingTriggers-perforceShelveTrigger', myArg1=null, myArg2=null, myStringArg='perforceShelveTrigger', myLongStringArgUUID='null'})
[2023-09-23 09:52:16,567]   INFO -   jetbrains.buildServer.SERVER - Started processing triggers of type: schedulingTrigger (corresponding task: PerformingTaskImpl{myId=6, myType='processingTriggers', myIdentity='processingTriggers-schedulingTrigger', myArg1=null, myArg2=null, myStringArg='schedulingTrigger', myLongStringArgUUID='null'})
[2023-09-23 09:52:16,576]   INFO -   jetbrains.buildServer.SERVER - Started processing triggers of type: mavenSnapshotDependencyTrigger (corresponding task: PerformingTaskImpl{myId=7, myType='processingTriggers', myIdentity='processingTriggers-mavenSnapshotDependencyTrigger', myArg1=null, myArg2=null, myStringArg='mavenSnapshotDependencyTrigger', myLongStringArgUUID='null'})
[2023-09-23 09:52:16,580]   INFO -   jetbrains.buildServer.SERVER - Started processing triggers of type: remoteRunOnBranch (corresponding task: PerformingTaskImpl{myId=8, myType='processingTriggers', myIdentity='processingTriggers-remoteRunOnBranch', myArg1=null, myArg2=null, myStringArg='remoteRunOnBranch', myLongStringArgUUID='null'})
[2023-09-23 09:52:16,582]   INFO -   jetbrains.buildServer.SERVER - Started processing triggers of type: buildDependencyTrigger (corresponding task: PerformingTaskImpl{myId=9, myType='processingTriggers', myIdentity='processingTriggers-buildDependencyTrigger', myArg1=null, myArg2=null, myStringArg='buildDependencyTrigger', myLongStringArgUUID='null'})
[2023-09-23 09:52:16,600]   INFO -    jetbrains.buildServer.AGENT - Agent has been registered: "teamcityexperiment-teamcity-agent-1" {id=1, protocol=unidirectional, host=172.21.0.2:9090, agentTypeId=1, pool=Default, registered since 2023-09-23 09:52:16.424}, not running a build
[2023-09-23 09:52:16,845]   WARN -    jetbrains.buildServer.AGENT - Agent "teamcityexperiment-teamcity-agent-1" {id=1} is unauthorized on registration
[2023-09-23 09:52:18,870]   INFO - r.configs.dsl.DslPluginManager - Using bundled DSL jars and docs
[2023-09-23 09:52:33,550]   INFO - ent.BuildAgentFullZipAssembler - Rebuilding of 'buildAgentFull.zip' finished successfully in 17s,031ms
[2023-09-23 09:52:44,399]   INFO -   jetbrains.buildServer.SERVER - JSP pre-compilation failed: http://teamcity-server:8111/project/_issueTrackerDisplay.jspf?jsp_precompile=true after 6 attempts, tried the following URLs: http://teamcity-server:8111/project/_issueTrackerDisplay.jspf?jsp_precompile=true, http://172.21.0.4:8111/project/_issueTrackerDisplay.jspf?jsp_precompile=true (enable debug for more details)
[2023-09-23 09:52:52,182]   INFO - r.configs.dsl.DslPluginManager - Plugins Kotlin DSL jars are up-to-date, no need to recompile
[2023-09-23 09:52:52,551]   INFO - configs.dsl.PluginDslMavenRepo - Plugin sources are packed in 366ms
[2023-09-23 09:52:53,396]   INFO -   jetbrains.buildServer.SERVER - Start initializing sequence for domain user_id
[2023-09-23 09:52:53,481]   INFO - tbrains.buildServer.ACTIVITIES - New user created: user with id=1
[2023-09-23 09:52:53,496]   INFO - s.buildServer.ACTIVITIES.AUDIT - user_create: User "user with id=1" was created by "user with id=1"
[2023-09-23 09:52:53,499]   INFO -   jetbrains.buildServer.SERVER - Start initializing sequence for domain audit_comment_id
[2023-09-23 09:52:53,621]   INFO -   jetbrains.buildServer.SERVER - Loading roles from the configuration file: /data/teamcity_server/datadir/config/roles-config.xml
[2023-09-23 09:52:54,059]   INFO - configs.dsl.PluginDslMavenRepo - Plugin sources are packed in 1507ms
[2023-09-23 09:52:56,132]   INFO -   jetbrains.buildServer.SERVER - JSP pre-compilation failed: http://teamcity-server:8111/change/_relatedBuildTDs.jspf?jsp_precompile=true after 6 attempts, tried the following URLs: http://teamcity-server:8111/change/_relatedBuildTDs.jspf?jsp_precompile=true, http://172.21.0.4:8111/change/_relatedBuildTDs.jspf?jsp_precompile=true (enable debug for more details)
[2023-09-23 09:53:00,690]   INFO - r.configs.dsl.DslPluginManager - Kotlin DSL documentation is up-to-date, no need to regenerate (http://localhost:8111/app/dsl-documentation/index.html)
[2023-09-23 09:53:03,168]   INFO -   jetbrains.buildServer.SERVER - JSP pre-compilation finished, pre-compiled 1032 files in 1m:24s,582ms
[2023-09-23 09:55:03,738]   INFO - s.buildServer.ACTIVITIES.AUDIT - project_edit_settings: "<Root project> {id=_Root, internal id=_Root}" project settings were edited ("version before: 1, version after: 2") by "user with id=1" with comment "Connection added"
[2023-09-23 09:55:15,615]   INFO - projects.ProjectEventsNotifier - Adding event 'projectConfigChanged' for project '_Root'
[2023-09-23 09:55:15,619]   INFO - ojects.ProjectConfigFilesCache - Start creating project configuration files caches for 1 projects...
[2023-09-23 09:55:15,635]   INFO - ojects.ProjectConfigFilesCache - Finished creating project configuration files caches for 1 projects
[2023-09-23 09:55:49,450]   INFO -   jetbrains.buildServer.SERVER - Start initializing sequence for domain project_int_id
[2023-09-23 09:55:49,483]   INFO - s.buildServer.ACTIVITIES.AUDIT - project_create: Project "TeamCityExperiment {id=TeamCityExperiment, internal id=project1}" was created by "user with id=1"
[2023-09-23 09:55:49,509]   INFO -   jetbrains.buildServer.SERVER - Start initializing sequence for domain vcs_root_int_id
[2023-09-23 09:55:49,512]   INFO - s.buildServer.ACTIVITIES.AUDIT - vcs_root_create: VCS root ""https://github.com/D0rianGrey/TeamCityExperiment#refs/heads/master" {internal id=1, id=TeamCityExperiment_HttpsGithubComD0rianGreyTeamCityExperimentRefsHeadsMaster, description: "https://github.com/D0rianGrey/TeamCityExperiment#refs/heads/master"}" was created by "user with id=1" with comment "In project: TeamCityExperiment"
[2023-09-23 09:55:49,549]   INFO -   jetbrains.buildServer.SERVER - Start initializing sequence for domain bt_int_id
[2023-09-23 09:55:49,589]   INFO - s.buildServer.ACTIVITIES.AUDIT - build_type_create: "TeamCityExperiment / Build {id=TeamCityExperiment_Build/bt1}" was created by "user with id=1"
[2023-09-23 09:56:00,635]   INFO - projects.ProjectEventsNotifier - Adding event 'projectConfigChanged' for project 'TeamCityExperiment'
[2023-09-23 09:56:00,639]   INFO - ojects.ProjectConfigFilesCache - Start creating project configuration files caches for 1 projects...
[2023-09-23 09:56:00,705]   INFO - ojects.ProjectConfigFilesCache - Finished creating project configuration files caches for 1 projects
[2023-09-23 09:56:06,236]   INFO - s.buildServer.ACTIVITIES.AUDIT - build_type_edit_settings: "TeamCityExperiment / Build {id=TeamCityExperiment_Build/bt1}" build configuration settings were edited ("version before: 1, version after: 2") by "user with id=1" with comment "1 build step(s) were added to 'Build' build configuration"
[2023-09-23 09:56:18,233]   INFO - s.buildServer.ACTIVITIES.AUDIT - agent_authorize: Agent ""teamcityexperiment-teamcity-agent-1" {id=1}" was authorized by "user with id=1"
[2023-09-23 09:56:18,636]   INFO - projects.ProjectEventsNotifier - Adding event 'projectConfigChanged' for project 'TeamCityExperiment'
[2023-09-23 09:56:18,640]   INFO - ojects.ProjectConfigFilesCache - Start creating project configuration files caches for 1 projects...
[2023-09-23 09:56:18,713]   INFO - ojects.ProjectConfigFilesCache - Finished creating project configuration files caches for 1 projects
[2023-09-23 09:59:06,729]   INFO -   jetbrains.buildServer.SERVER - Start initializing sequence for domain promotion_id
[2023-09-23 09:59:06,804]   INFO - ity.BuildQueuePriorityOrdering - New item Queued build {item id=1, promotion=Build promotion {id=1, configuration={id=TeamCityExperiment_Build/bt1}}} with weight 0.00 inserted at the default position 0 in the end of the queue
[2023-09-23 09:59:06,813]   INFO - s.buildServer.ACTIVITIES.AUDIT - build_add_to_queue: Build BUILD_PROMOTION{id=1} was added to queue by "user with id=1"
[2023-09-23 09:59:06,833]   INFO - tbrains.buildServer.ACTIVITIES - Build added to queue; Queued build {Build promotion {id=1, configuration={id=TeamCityExperiment_Build/bt1}, branch=<default>, queued, creatorNodeId="MAIN_SERVER"}, triggered by "user with id=1" (##userId='1' type='user')}
[2023-09-23 09:59:07,016]   INFO -   jetbrains.buildServer.SERVER - Build queue processing finished in 7ms, initial queue size: 1, total number of distributed builds: 1, number of started agent-less builds (composite/other agent-less): 0/0, number of builds scheduled to start on idle agents: 1, number of builds waiting for a starting cloud agent: 0, number of starting cloud agents: 0
[2023-09-23 09:59:07,046]   INFO -   jetbrains.buildServer.SERVER - Running build saved to DB: build id=1, promotion id=1
[2023-09-23 09:59:07,057]   INFO - tbrains.buildServer.ACTIVITIES - Build started; TeamCityExperiment / Build {id=TeamCityExperiment_Build/bt1} #1 {id=1, branch=<default>, agent="teamcityexperiment-teamcity-agent-1" {id=1}, triggered by "user with id=1" (##userId='1' type='user'). Started 2023-09-23 09:59:07.016, running}
[2023-09-23 09:59:07,058]   INFO -   jetbrains.buildServer.SERVER - Build removed from queue (started): 1
[2023-09-23 09:59:11,547]   INFO -   jetbrains.buildServer.SERVER - Build has been assigned to main node. Build: Build promotion {id=1 (started), configuration={id=TeamCityExperiment_Build/bt1}}
[2023-09-23 10:00:37,055]   INFO -   jetbrains.buildServer.SERVER - Build finished received for build: #1 {build id=1, buildTypeId=TeamCityExperiment_Build}
[2023-09-23 10:00:37,057]   INFO -   jetbrains.buildServer.SERVER - Created a finish build task for the build: #1 {build id=1, buildTypeId=TeamCityExperiment_Build}, task: SubmittedTaskImpl{myId=463, myTaskType=finishBuild, myTaskIdentity=finishBuild:1:1, myLongArg1=1, myLongArg2=null, myStringArg=null, myLongStrArgUUID=null, myExecutorNodeId='null', myTaskState=0 (pending)}
[2023-09-23 10:00:37,058]   INFO -   jetbrains.buildServer.SERVER - Build scheduled for finishing: #1 {build id=1, buildTypeId=TeamCityExperiment_Build}
[2023-09-23 10:00:37,060]   INFO -   jetbrains.buildServer.SERVER - Start execution of build finishing: #1 {build id=1, buildTypeId=TeamCityExperiment_Build}
[2023-09-23 10:00:37,066]   INFO - ndexer.EventBasedBuildsIndexer - Indexing finishing build: #1 {build id=1, buildTypeId=TeamCityExperiment_Build}
[2023-09-23 10:00:37,166]   INFO - de.impl.history.DBBuildHistory - Created build history entry; build id: 1, finish date: 2023-09-23 10:00:37.097
[2023-09-23 10:00:37,257]   INFO - tbrains.buildServer.ACTIVITIES - Finished build TeamCityExperiment / Build {id=TeamCityExperiment_Build/bt1} #1 {id=1, branch=<default>, agent="teamcityexperiment-teamcity-agent-1" {id=1}, triggered by "user with id=1" (##userId='1' type='user'). Started 2023-09-23 09:59:15.597, finished. Status "FAILURE 'Tests failed: 1 (1 new), passed: 0'"}
